<?xml version="1.0" encoding="UTF-8"?>
<!-- Generated by org.testng.reporters.JUnitReportReporter -->
<testsuite hostname="Harshs-MacBook-Pro.local" failures="0" tests="1" name="Scripts.TestCase3" time="48.185" errors="0" timestamp="2023-08-03T17:50:23 IST" skipped="0">
  <testcase classname="Scripts.TestCase3" name="tc3" time="48.185"/>
</testsuite> <!-- Scripts.TestCase3 -->
