<?xml version="1.0" encoding="UTF-8"?>
<!-- Generated by org.testng.reporters.JUnitReportReporter -->
<testsuite hostname="Harshs-MacBook-Pro.local" failures="0" tests="1" name="Scripts.TestCase2" time="137.621" errors="0" timestamp="2023-08-02T21:03:41 IST" skipped="0">
  <testcase classname="Scripts.TestCase2" name="tc2" time="137.621"/>
</testsuite> <!-- Scripts.TestCase2 -->
