<?xml version="1.0" encoding="UTF-8"?>
<!-- Generated by org.testng.reporters.JUnitReportReporter -->
<testsuite hostname="Harshs-MacBook-Pro.local" failures="0" tests="1" name="Scripts.TestCase1" time="141.353" errors="0" timestamp="2023-08-02T19:55:05 IST" skipped="0">
  <testcase classname="Scripts.TestCase1" name="tc1" time="141.353"/>
</testsuite> <!-- Scripts.TestCase1 -->
